<?xml version="1.0" encoding="UTF-8"?>
<!-- Generated by org.testng.reporters.JUnitXMLReporter -->
<testsuite hostname="Aarush-PC" name="Maven Test Series" tests="9" failures="0" timestamp="6 Nov 2018 11:23:34 GMT" time="0.073" errors="0">
  <testcase name="multipliction" time="0.021" classname="com.qa.test.DemoTest"/>
  <testcase name="sub" time="0.001" classname="com.qa.test.DemoTest"/>
  <testcase name="sum" time="0.001" classname="com.qa.test.DemoTest"/>
  <testcase name="multipliction" time="0.001" classname="com.qa.test.DemoTest001"/>
  <testcase name="sub" time="0.0" classname="com.qa.test.DemoTest001"/>
  <testcase name="sum" time="0.001" classname="com.qa.test.DemoTest001"/>
  <testcase name="multipliction" time="0.002" classname="com.qa.test.DemoTest002"/>
  <testcase name="sub" time="0.001" classname="com.qa.test.DemoTest002"/>
  <testcase name="sum" time="0.001" classname="com.qa.test.DemoTest002"/>
</testsuite> <!-- Maven Test Series -->
