<?xml version="1.0" encoding="UTF-8"?>
<testng-results skipped="0" failed="0" total="9" passed="9">
  <reporter-output>
  </reporter-output>
  <suite name="Maven Testing Series" duration-ms="73" started-at="2018-11-06T11:23:34Z" finished-at="2018-11-06T11:23:34Z">
    <groups>
    </groups>
    <test name="Maven Test Series" duration-ms="73" started-at="2018-11-06T11:23:34Z" finished-at="2018-11-06T11:23:34Z">
      <class name="com.qa.test.DemoTest001">
        <test-method status="PASS" signature="multipliction()[pri:0, instance:com.qa.test.DemoTest001@129a8472]" name="multipliction" duration-ms="1" started-at="2018-11-06T16:53:34Z" finished-at="2018-11-06T16:53:34Z">
          <reporter-output>
          </reporter-output>
        </test-method> <!-- multipliction -->
        <test-method status="PASS" signature="sub()[pri:0, instance:com.qa.test.DemoTest001@129a8472]" name="sub" duration-ms="0" started-at="2018-11-06T16:53:34Z" finished-at="2018-11-06T16:53:34Z">
          <reporter-output>
          </reporter-output>
        </test-method> <!-- sub -->
        <test-method status="PASS" signature="sum()[pri:0, instance:com.qa.test.DemoTest001@129a8472]" name="sum" duration-ms="1" started-at="2018-11-06T16:53:34Z" finished-at="2018-11-06T16:53:34Z">
          <reporter-output>
          </reporter-output>
        </test-method> <!-- sum -->
      </class> <!-- com.qa.test.DemoTest001 -->
      <class name="com.qa.test.DemoTest002">
        <test-method status="PASS" signature="multipliction()[pri:0, instance:com.qa.test.DemoTest002@5e025e70]" name="multipliction" duration-ms="2" started-at="2018-11-06T16:53:34Z" finished-at="2018-11-06T16:53:34Z">
          <reporter-output>
          </reporter-output>
        </test-method> <!-- multipliction -->
        <test-method status="PASS" signature="sub()[pri:0, instance:com.qa.test.DemoTest002@5e025e70]" name="sub" duration-ms="1" started-at="2018-11-06T16:53:34Z" finished-at="2018-11-06T16:53:34Z">
          <reporter-output>
          </reporter-output>
        </test-method> <!-- sub -->
        <test-method status="PASS" signature="sum()[pri:0, instance:com.qa.test.DemoTest002@5e025e70]" name="sum" duration-ms="1" started-at="2018-11-06T16:53:34Z" finished-at="2018-11-06T16:53:34Z">
          <reporter-output>
          </reporter-output>
        </test-method> <!-- sum -->
      </class> <!-- com.qa.test.DemoTest002 -->
      <class name="com.qa.test.DemoTest">
        <test-method status="PASS" signature="multipliction()[pri:0, instance:com.qa.test.DemoTest@56cbfb61]" name="multipliction" duration-ms="21" started-at="2018-11-06T16:53:34Z" finished-at="2018-11-06T16:53:34Z">
          <reporter-output>
          </reporter-output>
        </test-method> <!-- multipliction -->
        <test-method status="PASS" signature="sub()[pri:0, instance:com.qa.test.DemoTest@56cbfb61]" name="sub" duration-ms="1" started-at="2018-11-06T16:53:34Z" finished-at="2018-11-06T16:53:34Z">
          <reporter-output>
          </reporter-output>
        </test-method> <!-- sub -->
        <test-method status="PASS" signature="sum()[pri:0, instance:com.qa.test.DemoTest@56cbfb61]" name="sum" duration-ms="1" started-at="2018-11-06T16:53:34Z" finished-at="2018-11-06T16:53:34Z">
          <reporter-output>
          </reporter-output>
        </test-method> <!-- sum -->
      </class> <!-- com.qa.test.DemoTest -->
    </test> <!-- Maven Test Series -->
  </suite> <!-- Maven Testing Series -->
</testng-results>
